\BOOKMARK [0][-]{chapter.1}{Ferlar}{}% 1
\BOOKMARK [1][-]{section.1.1}{Inngangur}{chapter.1}% 2
\BOOKMARK [1][-]{section.1.2}{Stikaferlar}{chapter.1}% 3
\BOOKMARK [1][-]{section.1.3}{Ferlar og stikanir \341 ferlum}{chapter.1}% 4
\BOOKMARK [1][-]{section.1.4}{Diffrun stikaferla}{chapter.1}% 5
\BOOKMARK [1][-]{section.1.5}{Lengd stikaferils}{chapter.1}% 6
\BOOKMARK [1][-]{section.1.6}{P\363lhnit}{chapter.1}% 7
\BOOKMARK [1][-]{section.1.7}{P\363lhnitagraf}{chapter.1}% 8
\BOOKMARK [1][-]{section.1.8}{Snertill vi\360 p\363lhnitagraf}{chapter.1}% 9
\BOOKMARK [1][-]{section.1.9}{Flatarm\341l}{chapter.1}% 10
\BOOKMARK [1][-]{section.1.10}{Bogalengd}{chapter.1}% 11
\BOOKMARK [1][-]{section.1.11}{Einingarsnertivigur}{chapter.1}% 12
\BOOKMARK [1][-]{section.1.12}{Krappi}{chapter.1}% 13
\BOOKMARK [1][-]{section.1.13}{Megin\376verill}{chapter.1}% 14
\BOOKMARK [1][-]{section.1.14}{Hj\372furplan}{chapter.1}% 15
\BOOKMARK [1][-]{section.1.15}{Tv\355\376verill}{chapter.1}% 16
\BOOKMARK [1][-]{section.1.16}{Vindingur}{chapter.1}% 17
\BOOKMARK [1][-]{section.1.17}{Frenet-Serret j\366fnurnar}{chapter.1}% 18
\BOOKMARK [0][-]{chapter.2}{Hlutaflei\360ur}{}% 19
\BOOKMARK [1][-]{section.2.1}{Graf falls}{chapter.2}% 20
\BOOKMARK [1][-]{section.2.2}{Jafnh\346\360arl\355nur}{chapter.2}% 21
\BOOKMARK [1][-]{section.2.3}{Fjarl\346g\360 milli punkta}{chapter.2}% 22
\BOOKMARK [1][-]{section.2.4}{Opnar k\372lur}{chapter.2}% 23
\BOOKMARK [1][-]{section.2.5}{Opin mengi}{chapter.2}% 24
\BOOKMARK [1][-]{section.2.6}{Ja\360arpunktur}{chapter.2}% 25
\BOOKMARK [1][-]{section.2.7}{Skilgreiningarmengi}{chapter.2}% 26
\BOOKMARK [1][-]{section.2.8}{Markgildi}{chapter.2}% 27
\BOOKMARK [1][-]{section.2.9}{Reglur um markgildi}{chapter.2}% 28
\BOOKMARK [1][-]{section.2.10}{Samfelldni}{chapter.2}% 29
\BOOKMARK [1][-]{section.2.11}{Hlutaflei\360ur}{chapter.2}% 30
\BOOKMARK [1][-]{section.2.12}{Snertiplan}{chapter.2}% 31
\BOOKMARK [1][-]{section.2.13}{Hlutaflei\360ur af h\346rra stigi}{chapter.2}% 32
\BOOKMARK [1][-]{section.2.14}{Ke\360juregla}{chapter.2}% 33
\BOOKMARK [1][-]{section.2.15}{J\341kv\346tt einsleit f\366ll}{chapter.2}% 34
\BOOKMARK [1][-]{section.2.16}{Diffranleiki \355 einni breytist\346r\360}{chapter.2}% 35
\BOOKMARK [1][-]{section.2.17}{Diffranleiki \355 einni breytist\346r\360 - \366nnur l\375sing}{chapter.2}% 36
\BOOKMARK [1][-]{section.2.18}{Diffranleiki}{chapter.2}% 37
\BOOKMARK [1][-]{section.2.19}{Snertiplan}{chapter.2}% 38
\BOOKMARK [1][-]{section.2.20}{Diffranleiki}{chapter.2}% 39
\BOOKMARK [1][-]{section.2.21}{Diffur}{chapter.2}% 40
\BOOKMARK [1][-]{section.2.22}{Varpanir RnRm}{chapter.2}% 41
\BOOKMARK [1][-]{section.2.23}{Jacobi-fylki}{chapter.2}% 42
\BOOKMARK [1][-]{section.2.24}{Diffranleiki varpana RnRm}{chapter.2}% 43
\BOOKMARK [1][-]{section.2.25}{Ke\360juregla}{chapter.2}% 44
\BOOKMARK [1][-]{section.2.26}{Stigull}{chapter.2}% 45
\BOOKMARK [1][-]{section.2.27}{D\346mi}{chapter.2}% 46
\BOOKMARK [1][-]{section.2.28}{Snertil\355na vi\360 jafnh\346\360arferil}{chapter.2}% 47
\BOOKMARK [1][-]{section.2.29}{Stefnuaflei\360a}{chapter.2}% 48
\BOOKMARK [1][-]{section.2.30}{Stigull \(aftur\)}{chapter.2}% 49
\BOOKMARK [1][-]{section.2.31}{Snertiplan vi\360 jafnh\346\360arfl\366t}{chapter.2}% 50
\BOOKMARK [1][-]{section.2.32}{F\363lgin f\366ll og Taylor-n\341lganir}{chapter.2}% 51
\BOOKMARK [0][-]{chapter.3}{\332tgildisverkefni}{}% 52
\BOOKMARK [1][-]{section.3.1}{\332tgildi}{chapter.3}% 53
\BOOKMARK [1][-]{section.3.2}{Sta\360bundi\360 \372tgildi}{chapter.3}% 54
\BOOKMARK [1][-]{section.3.3}{Tilvist \372tgilda}{chapter.3}% 55
\BOOKMARK [1][-]{section.3.4}{S\366\360ulpunktur}{chapter.3}% 56
\BOOKMARK [1][-]{section.3.5}{Sta\360bundi\360 \372tgildi}{chapter.3}% 57
\BOOKMARK [1][-]{section.3.6}{Hesse-fylki}{chapter.3}% 58
\BOOKMARK [1][-]{section.3.7}{Ferningsform \(sj\341 kafla 10.7 \355 Adams\)}{chapter.3}% 59
\BOOKMARK [1][-]{section.3.8}{Sta\360bundi\360 \372tgildi}{chapter.3}% 60
\BOOKMARK [1][-]{section.3.9}{Ferningsform}{chapter.3}% 61
\BOOKMARK [1][-]{section.3.10}{\332tgildi falla \376ar sem breytur uppfylla skor\360uj\366fnur}{chapter.3}% 62
\BOOKMARK [1][-]{section.3.11}{Lagrange-margfaldarar}{chapter.3}% 63
\BOOKMARK [0][-]{chapter.4}{Margf\366ld heildi}{}% 64
\BOOKMARK [1][-]{section.4.1}{Skiptingar}{chapter.4}% 65
\BOOKMARK [1][-]{section.4.2}{Riemann-summa}{chapter.4}% 66
\BOOKMARK [1][-]{section.4.3}{Tv\366falt heildi yfir r\351tthyrning}{chapter.4}% 67
\BOOKMARK [1][-]{section.4.4}{Tv\366falt heildi yfir takmarka\360 sv\346\360i}{chapter.4}% 68
\BOOKMARK [1][-]{section.4.5}{x-einf\366ld og y-einf\366ld sv\346\360i}{chapter.4}% 69
\BOOKMARK [1][-]{section.4.6}{Heildi yfir x-einf\366ld og y-einf\366ld sv\346\360i}{chapter.4}% 70
\BOOKMARK [1][-]{section.4.7}{\323eiginleg heildi}{chapter.4}% 71
\BOOKMARK [1][-]{section.4.8}{Breytuskipti}{chapter.4}% 72
\BOOKMARK [1][-]{section.4.9}{\336ref\366ld heildi}{chapter.4}% 73
\BOOKMARK [1][-]{section.4.10}{K\372luhnit}{chapter.4}% 74
\BOOKMARK [1][-]{section.4.11}{Breytuskipti \355 k\372luhnit}{chapter.4}% 75
\BOOKMARK [1][-]{section.4.12}{Massami\360ja}{chapter.4}% 76
\BOOKMARK [1][-]{section.4.13}{Hverfitreg\360a}{chapter.4}% 77
\BOOKMARK [1][-]{section.4.14}{Yfirbor\360sflatarm\341l}{chapter.4}% 78
\BOOKMARK [0][-]{chapter.5}{Vigursvi\360}{}% 79
\BOOKMARK [1][-]{section.5.1}{Vigursvi\360}{chapter.5}% 80
\BOOKMARK [1][-]{section.5.2}{Strauml\355na}{chapter.5}% 81
\BOOKMARK [1][-]{section.5.3}{Stigulsvi\360}{chapter.5}% 82
\BOOKMARK [1][-]{section.5.4}{Heildi falls yfir feril}{chapter.5}% 83
\BOOKMARK [1][-]{section.5.5}{Heildi vigursvi\360s eftir ferli}{chapter.5}% 84
\BOOKMARK [1][-]{section.5.6}{Ferilheildi og stigulsvi\360}{chapter.5}% 85
\BOOKMARK [1][-]{section.5.7}{Fletir}{chapter.5}% 86
\BOOKMARK [1][-]{section.5.8}{Stikafletir}{chapter.5}% 87
\BOOKMARK [1][-]{section.5.9}{Snertipl\366n}{chapter.5}% 88
\BOOKMARK [1][-]{section.5.10}{Flatarheildi}{chapter.5}% 89
\BOOKMARK [1][-]{section.5.11}{Flatarm\341l flata}{chapter.5}% 90
\BOOKMARK [1][-]{section.5.12}{Einingar\376vervigrasvi\360}{chapter.5}% 91
\BOOKMARK [1][-]{section.5.13}{\301ttanlegir fletir}{chapter.5}% 92
\BOOKMARK [1][-]{section.5.14}{Heildi vigursvi\360s yfir fl\366t - Fl\346\360i}{chapter.5}% 93
\BOOKMARK [0][-]{chapter.6}{Diffur- og heildareikningur vigursvi\360a}{}% 94
\BOOKMARK [1][-]{section.6.1}{grad, div og curl}{chapter.6}% 95
\BOOKMARK [1][-]{section.6.2}{Sundurleitnisetningin I}{chapter.6}% 96
\BOOKMARK [1][-]{section.6.3}{Sundurleitnisetningin II}{chapter.6}% 97
\BOOKMARK [1][-]{section.6.4}{Setning Stokes}{chapter.6}% 98
\BOOKMARK [1][-]{section.6.5}{Hagn\375tingar \355 e\360lisfr\346\360i}{chapter.6}% 99
\BOOKMARK [0][-]{chapter.7}{Vi\360auki}{}% 100
\BOOKMARK [1][-]{section.7.1}{Kennslu\341\346tlun}{chapter.7}% 101
